{"logLevel":"debug","message":"multithreading is set to false"}
{"logLevel":"debug","message":"Using reflection to scan dependencies for gauge implementations..."}
log4j:WARN No appenders could be found for logger (io.grpc.netty.shaded.io.netty.util.internal.logging.InternalLoggerFactory).
log4j:WARN Please initialize the log4j system properly.
log4j:WARN See http://logging.apache.org/log4j/1.2/faq.html#noconfig for more info.
{"logLevel":"debug","message":"gauge-java took 417milliseconds to load and scan. This should be less than 'runner_connection_timeout' config value."}
{"logLevel":"debug","message":"run 'gauge config runner_connection_timeout' and verify that it is < 417"}
{"logLevel":"debug","message":"starting gRPC server..."}
{"logLevel":"debug","message":"started gRPC server on port 62048"}
{"logLevel":"info","message":"Listening on port:62048"}
{"logLevel":"debug","message":"Scanning packages for steps"}
{"logLevel":"debug","message":"Comparing 'BasePage.clickByid' and 'BasePage.clickByid'"}
{"logLevel":"debug","message":"Found id {} li eleemente tıkla in current project scope."}
{"logLevel":"debug","message":"Comparing 'BasePage.sendkeysByid' and 'BasePage.sendkeysByid'"}
{"logLevel":"debug","message":"Found id {} li eleementi bul  ve {} değerini yaz  in current project scope."}
{"logLevel":"debug","message":"Comparing 'BasePage.clickSearchbuttonOnandroidKeyboard' and 'BasePage.clickSearchbuttonOnandroidKeyboard'"}
{"logLevel":"debug","message":"Found Klavyede arama butonuna bas in current project scope."}
{"logLevel":"debug","message":"Comparing 'BasePage.waitForseconds' and 'BasePage.waitForseconds'"}
{"logLevel":"debug","message":"Found {} saniye kadar bekle in current project scope."}
{"logLevel":"debug","message":"Scanning packages for hooks"}
{"logLevel":"debug","message":"Scanned steps (using static parsing + reflections): "}
{"logLevel":"debug","message":"\tKlavyede arama butonuna bas : public void clickSearchbuttonOnandroidKeyboard()"}
{"logLevel":"debug","message":"\tid {} li eleementi bul  ve {} değerini yaz  : public void sendkeysByid(String id, String text)"}
{"logLevel":"debug","message":"\tid {} li eleemente tıkla : public void clickByid(String id)"}
{"logLevel":"debug","message":"\t{} saniye kadar bekle : public void waitForseconds(int wait) throws InterruptedException"}
